<?xml version="1.0" encoding="UTF-8"?>
<testsuite name="graph.AppTest" tests="1" skipped="0" failures="0" errors="0" timestamp="2021-11-19T17:40:23" hostname="LTUCSTUDENT-L108" time="0.047">
  <properties/>
  <testcase name="breadthFirst()" classname="graph.AppTest" time="0.030"/>
  <system-out><![CDATA[]]></system-out>
  <system-err><![CDATA[]]></system-err>
</testsuite>
